/var/spool/slurmd/job3110672/slurm_script: line 30: venv/bin/activate: No such file or directory
START 3110672 (scripts/run-JOBGEN.sh): Wed Aug 12 12:43:40 EEST 2020
BC2GM script with the following parameters:
time: Wed Aug 12 12:43:40 EEST 2020
Arguments: ../data/GELLUS-1.0.3/conll/standard/ /scratch/project_2001426/models/biobert_large 4 5e-5 2 4 a27 a27_2 devel.tsv
datadir: /scratch/project_2001426/harttu/july-2020/keras-bert-ner/JOBGEN/scripts/../../data/GELLUS-1.0.3/conll/standard/
traindata: /scratch/project_2001426/harttu/july-2020/keras-bert-ner/JOBGEN/scripts/../../data/GELLUS-1.0.3/conll/standard//train.tsv
testdata: /scratch/project_2001426/harttu/july-2020/keras-bert-ner/JOBGEN/scripts/../../data/GELLUS-1.0.3/conll/standard//devel.tsv
modeldir: /scratch/project_2001426/models/biobert_large
batch_size: 4
learning rate: 5e-5
max seq length: 2
epochs: 4
comment: a27
saving in: /scratch/project_2001426/harttu/july-2020/keras-bert-ner/JOBGEN/scripts/../../ner-models/a27_2
Now training:
Traceback (most recent call last):
  File "/scratch/project_2001426/harttu/july-2020/keras-bert-ner/JOBGEN/scripts/../../ner.py", line 7, in <module>
    from common import encode, label_encode, write_result
  File "/scratch/project_2001426/harttu/july-2020/keras-bert-ner/common.py", line 15, in <module>
    from keras_bert import load_trained_model_from_checkpoint, AdamWarmup
ModuleNotFoundError: No module named 'keras_bert'
srun: error: r01g01: task 0: Exited with exit code 1
srun: Terminating job step 3110672.0
END 3110672 (scripts/run-JOBGEN.sh): Wed Aug 12 12:43:44 EEST 2020
Job ID: 3110672
Cluster: puhti
User/Group: htoivone/htoivone
State: RUNNING
Cores: 1
CPU Utilized: 00:00:03
CPU Efficiency: 50.00% of 00:00:06 core-walltime
Job Wall-clock time: 00:00:06
Memory Utilized: 0.00 MB (estimated maximum)
Memory Efficiency: 0.00% of 32.00 GB (32.00 GB/node)
Job consumed 0.11 CSC billing units based on following used resources
CPU BU: 0.00
Mem BU: 0.01
GPU BU: 0.10
WARNING: Efficiency statistics may be misleading for RUNNING jobs.
/var/spool/slurmd/job3110672/slurm_script: line 42: EOF: command not found
