/var/spool/slurmd/job3110671/slurm_script: line 30: venv/bin/activate: No such file or directory
START 3110671 (scripts/run-JOBGEN.sh): Wed Aug 12 12:42:08 EEST 2020
BC2GM script with the following parameters:
time: Wed Aug 12 12:42:08 EEST 2020
Arguments: ../data/GELLUS-1.0.3/conll/standard/ /scratch/project_2001426/models/biobert_v1.1_pubmed_std_naming 4 5e-5 2 4 a27 a27_1 devel.tsv
datadir: /scratch/project_2001426/harttu/july-2020/keras-bert-ner/JOBGEN/scripts/../../data/GELLUS-1.0.3/conll/standard/
traindata: /scratch/project_2001426/harttu/july-2020/keras-bert-ner/JOBGEN/scripts/../../data/GELLUS-1.0.3/conll/standard//train.tsv
testdata: /scratch/project_2001426/harttu/july-2020/keras-bert-ner/JOBGEN/scripts/../../data/GELLUS-1.0.3/conll/standard//devel.tsv
modeldir: /scratch/project_2001426/models/biobert_v1.1_pubmed_std_naming
batch_size: 4
learning rate: 5e-5
max seq length: 2
epochs: 4
comment: a27
saving in: /scratch/project_2001426/harttu/july-2020/keras-bert-ner/JOBGEN/scripts/../../ner-models/a27_1
Now training:
Traceback (most recent call last):
  File "/scratch/project_2001426/harttu/july-2020/keras-bert-ner/JOBGEN/scripts/../../ner.py", line 7, in <module>
    from common import encode, label_encode, write_result
  File "/scratch/project_2001426/harttu/july-2020/keras-bert-ner/common.py", line 15, in <module>
    from keras_bert import load_trained_model_from_checkpoint, AdamWarmup
ModuleNotFoundError: No module named 'keras_bert'
srun: error: r01g01: task 0: Exited with exit code 1
srun: Terminating job step 3110671.0
END 3110671 (scripts/run-JOBGEN.sh): Wed Aug 12 12:43:27 EEST 2020
Job ID: 3110671
Cluster: puhti
User/Group: htoivone/htoivone
State: RUNNING
Cores: 1
CPU Utilized: 00:00:04
CPU Efficiency: 5.00% of 00:01:20 core-walltime
Job Wall-clock time: 00:01:20
Memory Utilized: 125.25 MB
Memory Efficiency: 0.38% of 32.00 GB
Job consumed 1.43 CSC billing units based on following used resources
CPU BU: 0.02
Mem BU: 0.07
GPU BU: 1.33
WARNING: Efficiency statistics may be misleading for RUNNING jobs.
/var/spool/slurmd/job3110671/slurm_script: line 42: EOF: command not found
